
2025-12-29 19:03:01 NO_MSG
Here is the error good luck solving it :)
Traceback (most recent call last):
  File "/Users/tassosmakro/PyProjects/PyTerminal/Makro/MakroCore/commands.py", line 395, in CommandList
    TaskHandler.SecondaryTask('Password_Manager')
  File "/Users/tassosmakro/PyProjects/PyTerminal/Makro/MakroCore/TaskHandler.py", line 20, in SecondaryTask
    subprocess.run(f"python3 {flags.base_folder}/../Plugins/{file_name}.py {str(flags.USERNAME)}", shell=True, capture_output=True, check=True, encoding="utf-8")
  File "/opt/homebrew/Caskroom/miniforge/base/lib/python3.9/subprocess.py", line 528, in run
    raise CalledProcessError(retcode, process.args,
subprocess.CalledProcessError: Command 'python3 <class 'str'>/../Plugins/Password_Manager.py <class 'str'>' returned non-zero exit status 2.

2025-12-29 19:04:04 NO_MSG
Here is the error good luck solving it :)
Traceback (most recent call last):
  File "/Users/tassosmakro/PyProjects/PyTerminal/Makro/MakroCore/commands.py", line 300, in CommandList
    SystemCalls.most_used_commands()
  File "/Users/tassosmakro/PyProjects/PyTerminal/Makro/MakroCore/SystemCalls.py", line 118, in most_used_commands
    with open(f"{flags.base_folder}/src/history.log", "r") as file:
FileNotFoundError: [Errno 2] No such file or directory: "<class 'str'>/src/history.log"

2026-01-11 02:56:57 IntSoft Enabled
Here is the error good luck solving it :)
Traceback (most recent call last):
  File "/Users/tassosmakro/PyProjects/PyTerminal/Makro/Boot/launcher.py", line 29, in boot
    _run()
  File "/Users/tassosmakro/PyProjects/PyTerminal/Makro/MakroCore/SystemCalls.py", line 72, in wrapper
    func()
  File "/Users/tassosmakro/PyProjects/PyTerminal/Makro/MakroCore/SystemCalls.py", line 55, in wrapper
    else: func()
  File "/Users/tassosmakro/PyProjects/PyTerminal/Makro/Boot/launcher.py", line 22, in _run
    FTU().run()
  File "/Users/tassosmakro/PyProjects/PyTerminal/Makro/MakroCore/FTU.py", line 234, in run
    self.username_password()
  File "/Users/tassosmakro/PyProjects/PyTerminal/Makro/MakroCore/FTU.py", line 104, in username_password
    EncryptPassword.encrypt_password(password=pre_enc_pswd)
  File "/Users/tassosmakro/PyProjects/PyTerminal/Makro/MakroCore/CryptographyKit/EncryptPassword.py", line 14, in encrypt_password
    edit_json(loc1='user_credentials', loc2='Password', content=encrypted_password)
  File "/Users/tassosmakro/PyProjects/PyTerminal/Makro/MakroCore/CryptographyKit/utils.py", line 33, in edit_json
    with open(file_name, 'r+') as f:
FileNotFoundError: [Errno 2] No such file or directory: 'Info.json'
