
2025-07-10 17:47
2025-07-10 17:472025-07-10 17:47 | clear
2025-07-10 17:47 | clear

2025-07-10 17:49
2025-07-10 17:492025-07-10 17:49 | clear

2025-07-10 17:52
2025-07-10 17:54
2025-07-10 17:55
2025-07-10 17:55
2025-07-10 17:562025-07-10 17:56 | clear

2025-07-10 17:572025-07-10 17:57 | clear

2025-07-10 18:00
2025-07-10 18:01
2025-07-10 18:012025-07-10 18:01 | clear
2025-07-10 18:01 | clear
2025-07-10 18:01 | clear
2025-07-10 18:01 | infostats
2025-07-10 18:01 | clear

2025-07-10 18:032025-07-10 18:03 | clear
2025-07-10 18:03 | clear
2025-07-10 18:03 | clear
2025-07-10 18:03 | clear
2025-07-10 18:03 | clear
2025-07-10 18:03 | clear
2025-07-10 18:03 | clear
2025-07-10 18:03 | clear
2025-07-10 18:03 | clear

2025-07-10 18:122025-07-10 18:12 | clear
2025-07-10 18:12 | clear
2025-07-10 18:12 | infostats
2025-07-10 18:12 | help
2025-07-10 18:12 | show flags
2025-07-10 18:12 | help

2025-07-10 18:332025-07-10 18:33 | clear
2025-07-10 18:33 | exit
2025-07-10 18:33 | exit
2025-07-10 18:34 | clear
2025-07-10 18:34 | exit
2025-07-10 18:34 | exit

2025-07-10 18:342025-07-10 18:43 | clear
2025-07-10 18:43 | help
2025-07-10 18:44 | remove user
2025-07-10 18:45 | logout

2025-07-10 18:462025-07-10 18:46 | clear

2025-07-10 18:462025-07-10 18:46 | clear
2025-07-10 18:46 | clear
2025-07-10 18:46 | help
2025-07-10 18:47 | clear
2025-07-10 18:48 | plugins
2025-07-10 18:51 | plugins
2025-07-10 18:51 | view file

2025-07-10 18:522025-07-10 18:53 | view file
2025-07-10 18:53 | view file
2025-07-10 18:54 | view file
2025-07-10 18:54 | clear

2025-07-13 21:112025-07-13 21:11 | clear
2025-07-13 21:11 | clear
2025-07-13 21:12 | help
2025-07-13 21:12 | chatbox
2025-07-13 21:12 | show flags
2025-07-13 21:12 | help
2025-07-13 21:12 | password manager
2025-07-13 21:13 | most used commands
2025-07-13 21:13 | clear
2025-07-13 21:13 | help
2025-07-13 21:13 | show apps

2025-07-13 22:572025-07-13 22:57 | password manager

2025-07-13 23:262025-07-13 23:26 | change password
2025-07-13 23:46 | change password
2025-07-13 23:46 | logout

2025-07-13 23:46
2025-07-13 23:472025-07-13 23:47 | clear
2025-07-13 23:47 | clear

2025-07-13 23:532025-07-13 23:54 | change password
2025-07-13 23:54 | clear

2025-07-13 23:552025-07-13 23:55 | clear

2025-07-14 00:382025-07-14 00:38 | help
2025-07-14 00:38 | stocks
2025-07-14 00:39 | stocks
2025-07-14 00:39 | stocks
2025-07-14 00:40 | stocks
2025-07-14 00:43 | stocks
2025-07-14 00:43 | stocks
2025-07-14 00:44 | stocks
2025-07-14 00:44 | stocks
2025-07-14 00:45 | stocks
2025-07-14 00:46 | stocks
2025-07-14 00:46 | clear
2025-07-14 00:48 | clear
2025-07-14 00:48 | most used commands
2025-07-14 00:48 | latest
2025-07-14 00:49 | clear
2025-07-14 00:49 | clear

2025-07-14 00:492025-07-14 00:49 | clear
2025-07-14 00:49 | latest
2025-07-14 00:50 | clear
2025-07-14 00:50 | latest
2025-07-14 00:50 | clear
2025-07-14 00:50 | latest
2025-07-14 00:51 | most used commands
2025-07-14 00:52 | show flags

2025-07-14 00:532025-07-14 00:53 | clear
2025-07-14 00:53 | clear
2025-07-14 00:53 | help
2025-07-14 00:53 | help
2025-07-14 00:54 | clear
2025-07-14 01:04 | clear
2025-07-14 12:56 | calculator
2025-07-14 12:56 | stocks
2025-07-14 12:57 | help
2025-07-14 12:57 | toquel

2025-07-14 12:572025-07-14 12:59 | calculator
2025-07-14 13:02 | clear
2025-07-14 13:02 | help
2025-07-14 13:02 | plugins
2025-07-14 14:12 | help
2025-07-14 14:13 | clear
2025-07-14 14:13 | clear
2025-07-14 14:13 | help
2025-07-14 14:13 | test
2025-07-14 14:21 | clear
2025-07-14 14:21 | clear
2025-07-14 14:21 | clear
2025-07-14 14:21 | clear
2025-07-14 14:21 | help
2025-07-14 14:23 | clear
2025-07-14 14:23 | help
2025-07-14 14:23 | clear
2025-07-14 14:28 | clear
2025-07-14 14:28 | test
2025-07-14 14:29 | clear
2025-07-14 14:31 | help
2025-07-14 14:31 | clear
2025-07-14 14:31 | help
2025-07-14 14:32 | clear
2025-07-14 14:36 | clear
2025-07-14 14:36 | help
2025-07-14 14:36 | clear
2025-07-14 14:36 | help
2025-07-14 14:37 | help
2025-07-14 14:37 | clear
2025-07-15 19:24 | clear
2025-07-15 19:24 | clear

2025-07-15 19:252025-07-15 19:25 | clear
2025-07-15 19:25 | clear

2025-07-15 19:252025-07-15 19:25 | clear
2025-07-15 19:26 | help

2025-07-15 19:26
2025-07-15 19:262025-07-15 19:27 | clear
2025-07-15 19:27 | help
2025-07-15 19:38 | clear
2025-07-15 19:38 | help
2025-07-15 19:38 | plugins

2025-07-15 19:422025-07-15 19:42 | clear
2025-07-15 19:42 | test

2025-07-15 19:43
2025-07-15 19:462025-07-15 19:46 | clear

2025-07-15 19:472025-07-26 13:08 | plugins
2025-07-26 13:08 | clear
2025-07-26 13:20 | gen password
2025-07-26 13:22 | logout

2025-07-26 13:22
2025-07-26 13:342025-07-26 13:34 | clear
2025-07-26 13:34 | clear
2025-07-26 13:35 | clear
2025-07-26 14:40 | clear
2025-07-26 14:40 | clear
2025-07-26 14:49 | toquel
2025-08-04 15:59 | clear
2025-08-04 15:59 | help
2025-08-04 15:59 | toquel
2025-08-04 15:59 | clear
2025-08-04 16:00 | help
2025-08-04 16:00 | view file
2025-08-04 16:04 | help
2025-08-04 18:05 | clear
2025-08-04 18:09 | clear
2025-08-04 18:09 | clear
2025-08-04 18:09 | help
2025-08-05 10:41 | clear
2025-08-05 10:41 | clear
2025-08-05 10:41 | help
2025-08-05 10:41 | password manager
2025-08-05 10:43 | clear
2025-08-05 10:44 | kill gui
2025-08-05 10:44 | password manager
2025-08-05 10:44 | kill gui
2025-08-05 10:44 | clear
2025-08-05 10:46 | clear

2025-08-05 10:512025-08-05 10:51 | clear
2025-08-05 10:52 | ls
2025-08-05 10:52 | ls
2025-08-05 10:52 | ls
2025-08-05 10:52 | ls
2025-08-05 10:52 | ls
2025-08-05 10:52 | help
2025-08-06 10:39 | clear
2025-08-06 10:39 | clear
2025-08-06 10:39 | clear

2025-08-06 10:40
2025-08-06 10:422025-08-06 10:42 | clear
2025-08-06 10:42 | clear
2025-08-06 10:42 | help
2025-08-06 10:42 | create user
2025-08-06 10:43 | clear
2025-08-06 10:44 | logout

2025-08-06 10:442025-08-06 10:44 | clear
2025-08-06 10:44 | logout
2025-08-06 11:23 | <class 'str'>
2025-08-06 11:23 | <class 'str'>
2025-08-06 11:23 | <class 'str'>
2025-08-31 16:00 | <class 'str'>
2025-08-31 16:00 | <class 'str'>
2025-08-31 16:00 | <class 'str'>
2025-08-31 16:00 | help
2025-09-01 14:15 | <class 'str'>
2025-09-01 14:15 | <class 'str'>
2025-09-01 14:15 | <class 'str'>
2025-09-01 14:15 | <class 'str'>
2025-09-01 14:15 | <class 'str'>

2025-09-01 14:182025-09-01 14:18 | clear
2025-09-01 14:18 | clear
2025-09-01 14:18 | clear
2025-09-01 14:19 | clear
2025-09-01 14:19 | clear
2025-09-01 14:22 | <class 'str'>
2025-09-01 14:22 | <class 'str'>
2025-09-01 14:22 | <class 'str'>
2025-09-01 14:22 | <class 'str'>
2025-09-01 14:22 | <class 'str'>
2025-09-01 14:23 | <class 'str'>
2025-09-01 14:23 | <class 'str'>
2025-09-01 14:23 | <class 'str'>
2025-09-01 14:23 | <class 'str'>
2025-09-01 14:23 | <class 'str'>
2025-09-01 14:23 | <class 'str'>
2025-09-01 14:23 | <class 'str'>
2025-09-01 14:23 | <class 'str'>
2025-09-01 14:24 | clear
2025-09-01 14:25 | clear
2025-09-01 14:26 | <class 'str'>
2025-09-01 14:26 | <class 'str'>
2025-09-01 14:26 | clear
2025-09-01 23:29 | <class 'str'>

2025-09-01 23:332025-09-01 23:33 | clear
2025-09-01 23:33 | clear
2025-09-01 23:33 | help
2025-09-01 23:33 | most used commands
2025-09-02 11:54 | help
2025-09-02 11:55 | plugins
2025-09-02 16:45 | clear
2025-09-02 16:45 | help
2025-09-02 16:45 | change account type
2025-09-02 16:46 | clear
2025-09-02 16:47 | clear
2025-09-03 11:21 | clear
2025-09-03 11:26 | clear
2025-09-03 11:27 | clear
2025-09-03 11:30 | clear
2025-09-03 11:32 | clear
2025-09-06 16:27 | clear
2025-09-06 18:38 | clear
2025-09-06 18:44 | clear
2025-09-06 18:45 | <class 'str'>
2025-09-06 18:45 | <class 'str'>
2025-09-06 18:45 | <class 'str'>
2025-09-06 18:45 | <class 'str'>
2025-09-06 18:45 | <class 'str'>
2025-09-06 18:45 | <class 'str'>
2025-09-06 18:45 | <class 'str'>
2025-09-06 18:45 | <class 'str'>
2025-09-06 18:45 | <class 'str'>
2025-09-06 18:45 | <class 'str'>
2025-09-06 18:45 | <class 'str'>
2025-09-06 18:45 | <class 'str'>
2025-09-06 18:45 | <class 'str'>
2025-09-06 18:47 | <class 'str'>
2025-09-06 18:47 | <class 'str'>
2025-09-10 13:33 | clear
2025-09-10 13:33 | clear
2025-09-10 13:38 | clear
2025-09-10 13:38 | clear
2025-09-10 13:38 | clear
2025-09-10 13:38 | help
2025-09-10 13:39 | clear
2025-09-11 19:20 | <class 'str'>

2025-09-11 19:21
2025-09-11 19:21
2025-09-11 19:22
2025-09-11 19:232025-09-11 19:23 | clear
2025-09-11 19:23 | clear

2025-09-11 19:25
2025-09-11 19:27
2025-09-11 19:272025-09-11 19:27 | clear
2025-09-11 19:27 | clear
2025-09-11 19:27 | help
2025-09-11 19:28 | clear

2025-09-12 12:502025-09-12 12:50 | help
2025-09-12 13:25 | clear
2025-09-13 20:15 | clear
2025-09-13 20:15 | help
2025-09-13 20:16 | clear
2025-09-13 20:18 | clear
2025-09-13 20:18 | clear
2025-09-13 20:27 | help
2025-09-13 20:27 | most used commands
2025-09-13 20:27 | converter
2025-09-13 20:28 | most used commands
2025-10-01 17:32 | clear
2025-10-01 17:32 | help
2025-10-01 17:32 | help
2025-10-01 17:32 | password manager
2025-10-01 17:32 | weather forecast
2025-10-01 17:35 | weather forecast
2025-10-01 17:35 | <class 'str'>
2025-10-01 17:46 | <class 'str'>
2025-10-01 17:46 | clear
2025-10-01 17:46 | <class 'str'>
2025-10-01 17:47 | <class 'str'>
2025-10-01 17:48 | <class 'str'>
2025-10-01 17:49 | <class 'str'>
2025-10-01 17:49 | clear
2025-10-01 17:52 | <class 'str'>
2025-10-01 17:52 | clear
2025-10-01 18:00 | clear
2025-10-01 18:06 | clear
2025-10-01 18:07 | clear
2025-10-01 18:07 | clear
2025-10-01 18:51 | clear
2025-10-02 16:16 | clear
2025-10-02 16:16 | help
2025-10-02 16:16 | help
2025-10-02 16:16 | password manager
2025-10-02 16:50 | clear
2025-10-02 16:50 | help

2025-10-02 16:542025-10-02 16:54 | clear
2025-10-02 16:55 | clear

2025-10-08 21:312025-10-08 21:31 | <class 'str'>
2025-10-08 21:31 | clear

2025-10-11 10:362025-10-11 10:37 | clear
2025-10-11 10:46 | help
2025-10-11 10:47 | help
2025-10-11 10:47 | create user
2025-10-11 10:54 | gen password
2025-10-11 10:54 | print md
2025-10-11 11:27 | clear
2025-10-21 18:10 | clear
2025-10-21 18:13 | <class 'str'>
2025-10-21 18:13 | clear
2025-10-21 18:14 | <class 'str'>
2025-10-24 23:16 | clear
2025-10-24 23:16 | help
2025-10-24 23:19 | clear
2025-10-24 23:47 | plugins
2025-10-25 16:55 | help
2025-10-25 16:58 | print md
2025-10-25 16:58 | print md
2025-10-25 16:58 | print md
2025-10-25 16:59 | print md
2025-10-25 16:59 | print md
2025-10-25 16:59 | print md
2025-10-25 16:59 | print md
2025-10-25 17:00 | print md
2025-10-25 17:10 | help

2025-10-25 17:35
2025-10-25 17:37
2025-10-25 17:39
2025-10-25 17:39
2025-10-25 17:41
2025-10-25 17:42
2025-10-25 17:43
2025-10-25 17:43
2025-10-25 17:45
2025-10-25 17:46
2025-10-25 17:48
2025-10-25 17:48
2025-10-25 17:49
2025-10-25 17:50
2025-10-25 17:51
2025-10-25 17:51
2025-10-25 17:51
2025-10-25 17:52
2025-10-25 17:53
2025-10-25 17:532025-10-25 17:53 | print md
2025-10-25 17:53 | help
2025-10-25 17:53 | clear

2025-10-25 17:59
2025-10-25 17:59
2025-10-25 17:59
2025-10-25 18:00
2025-10-25 18:012025-10-25 18:01 | clear

2025-10-25 18:072025-10-25 18:08 | clear
2025-10-25 18:08 | print md

2025-10-25 18:082025-10-25 18:08 | print md

2025-10-25 18:092025-10-25 18:09 | print md

2025-10-25 18:39
2025-10-25 18:39
2025-10-25 19:21
2025-10-25 19:21
2025-10-29 12:31
2025-10-29 12:56
2025-10-29 12:56
2025-10-29 12:57
2025-10-29 12:59
2025-10-29 13:01
2025-10-29 13:01
2025-10-29 13:02
2025-10-29 13:03
2025-10-29 13:04
2025-10-29 13:04
2025-10-29 13:15
2025-10-29 13:17
2025-10-29 13:23
2025-11-08 15:27
2025-11-08 15:33
2025-11-08 15:35
2025-11-08 15:37
2025-11-08 15:37
2025-11-08 15:37
2025-11-08 15:38
2025-11-08 15:39
2025-11-08 15:40
2025-11-08 15:41
2025-11-09 11:17
2025-11-09 11:23
2025-11-09 11:33
2025-11-09 11:34
2025-11-09 11:35
2025-11-09 11:35
2025-11-09 11:36
2025-11-09 11:37
2025-11-09 11:40
2025-11-09 11:43
2025-11-09 11:43
2025-12-08 23:48
2025-12-08 23:532025-12-08 23:53 | clear
2025-12-08 23:53 | clear
2025-12-08 23:53 | help
2025-12-08 23:54 | clear

2025-12-09 00:10
2025-12-09 00:112025-12-09 00:11 | clear
2025-12-09 00:11 | clear
2025-12-09 00:11 | help
2025-12-09 00:12 | print md
2025-12-09 00:12 | create user
2025-12-09 00:12 | clear
2025-12-09 00:12 | clear

2025-12-09 00:122025-12-09 00:12 | clear

2025-12-09 00:142025-12-09 00:14 | clear
2025-12-09 00:14 | create user

2025-12-09 00:152025-12-09 00:15 | create user

2025-12-09 00:152025-12-09 00:15 | clear

2025-12-09 00:162025-12-09 00:16 | clear
2025-12-09 00:16 | clear
2025-12-09 00:17 | clear
2025-12-09 00:17 | clear

2025-12-09 00:182025-12-09 00:19 | create user

2025-12-10 19:442025-12-10 19:44 | clear
2025-12-10 19:44 | clear

2025-12-10 20:38
2025-12-10 20:412025-12-12 16:29 | clear
2025-12-12 16:30 | clear
2025-12-12 16:30 | clear
2025-12-12 16:30 | clear
2025-12-12 16:31 | plugins

2025-12-12 16:34
2025-12-12 16:46
2025-12-12 17:102025-12-12 17:10 | clear
2025-12-12 17:12 | clear
2025-12-12 17:12 | clear

2025-12-12 17:122025-12-12 17:12 | clear

2025-12-12 17:132025-12-12 17:14 | about

2025-12-13 10:472025-12-13 10:47 | clear
2025-12-13 10:47 | logout

2025-12-13 10:482025-12-13 10:49 | logout

2025-12-13 10:512025-12-13 10:51 | logout

2025-12-13 11:092025-12-13 11:09 | clear
2025-12-13 11:09 | clear

2025-12-16 17:002025-12-16 17:00 | clear
2025-12-16 17:00 | clear
2025-12-16 17:00 | help
2025-12-17 23:45 | clear
2025-12-18 00:24 | clear
2025-12-18 00:24 | clear
2025-12-18 09:27 | clear
2025-12-18 09:28 | edit file
2025-12-28 13:53 | clear
2025-12-28 13:53 | password manager
2025-12-28 13:59 | password manager
2025-12-28 14:01 | password manager
2025-12-28 14:02 | password manager
2025-12-28 14:02 | logout

2025-12-28 14:032025-12-28 14:03 | password manager

2025-12-29 12:052025-12-29 12:05 | clear
2025-12-29 12:05 | help
2025-12-29 12:06 | plugins
2025-12-29 12:06 | password manager
2025-12-29 12:07 | plugins
2025-12-29 12:07 | plugins
2025-12-29 12:08 | plugins

2025-12-29 12:102025-12-29 12:10 | clear
2025-12-29 12:11 | password manager
2025-12-29 12:12 | password manager
2025-12-29 12:13 | password manager
2025-12-29 12:14 | password manager
2025-12-29 12:15 | password manager
2025-12-29 12:15 | password manager
2025-12-29 12:15 | password manager
2025-12-29 12:15 | password manager
2025-12-29 12:16 | password manager
2025-12-29 12:16 | password manager
2025-12-29 12:17 | password manager
2025-12-29 12:17 | password manager
2025-12-29 12:18 | password manager
2025-12-29 12:18 | password manager
2025-12-29 12:19 | password manager
2025-12-29 12:20 | password manager
2025-12-29 12:31 | password manager
2025-12-29 12:32 | password manager
2025-12-29 12:32 | password manager
2025-12-29 12:33 | most used commands
2025-12-29 12:33 | clear
2025-12-29 12:34 | password manager
2025-12-29 12:35 | password manager
2025-12-29 12:35 | clear

2025-12-29 19:042025-12-29 19:04 | clear
2025-12-29 19:04 | help
2025-12-29 19:05 | check site status
2025-12-29 19:06 | check site status
2025-12-29 19:06 | check site status
2025-12-29 19:06 | clear
2025-12-29 19:06 | help
2025-12-29 19:11 | clear
2025-12-29 19:37 | clear
2025-12-29 19:37 | help
2026-01-11 02:56 | create user
2026-01-15 16:38 | countdown
2026-01-15 16:38 | countdown
2026-01-15 16:44 | plugins

2026-01-15 18:19
2026-01-15 18:222026-01-15 18:25 | <class 'str'>
2026-01-15 18:25 | clear
2026-01-15 18:26 | help
